{"D:\\nuxt\\shop\\stores\\login.ts": {"path":"D:\\nuxt\\shop\\stores\\login.ts","all":false,"statementMap":{"0":{"start":{"line":1,"column":0},"end":{"line":1,"column":35}},"1":{"start":{"line":2,"column":0},"end":{"line":2,"column":0}},"2":{"start":{"line":3,"column":0},"end":{"line":3,"column":51}},"3":{"start":{"line":4,"column":0},"end":{"line":4,"column":16}},"4":{"start":{"line":5,"column":0},"end":{"line":5,"column":76}},"5":{"start":{"line":6,"column":0},"end":{"line":6,"column":4}},"6":{"start":{"line":7,"column":0},"end":{"line":7,"column":12}},"7":{"start":{"line":8,"column":0},"end":{"line":8,"column":47}},"8":{"start":{"line":9,"column":0},"end":{"line":9,"column":44}},"9":{"start":{"line":10,"column":0},"end":{"line":10,"column":44}},"10":{"start":{"line":11,"column":0},"end":{"line":11,"column":4}},"11":{"start":{"line":12,"column":0},"end":{"line":12,"column":0}},"12":{"start":{"line":13,"column":0},"end":{"line":13,"column":12}},"13":{"start":{"line":14,"column":0},"end":{"line":14,"column":18}},"14":{"start":{"line":15,"column":0},"end":{"line":15,"column":52}},"15":{"start":{"line":16,"column":0},"end":{"line":16,"column":6}},"16":{"start":{"line":17,"column":0},"end":{"line":17,"column":27}},"17":{"start":{"line":18,"column":0},"end":{"line":18,"column":44}},"18":{"start":{"line":19,"column":0},"end":{"line":19,"column":38}},"19":{"start":{"line":20,"column":0},"end":{"line":20,"column":6}},"20":{"start":{"line":21,"column":0},"end":{"line":21,"column":4}},"21":{"start":{"line":22,"column":0},"end":{"line":22,"column":2}}},"s":{"0":1,"1":1,"2":1,"3":1,"4":3,"5":3,"6":1,"7":1,"8":1,"9":1,"10":1,"11":1,"12":1,"13":1,"14":1,"15":1,"16":1,"17":2,"18":2,"19":2,"20":1,"21":1},"branchMap":{"0":{"type":"branch","line":4,"loc":{"start":{"line":4,"column":9},"end":{"line":6,"column":4}},"locations":[{"start":{"line":4,"column":9},"end":{"line":6,"column":4}}]},"1":{"type":"branch","line":8,"loc":{"start":{"line":8,"column":13},"end":{"line":8,"column":47}},"locations":[{"start":{"line":8,"column":13},"end":{"line":8,"column":47}}]},"2":{"type":"branch","line":14,"loc":{"start":{"line":14,"column":4},"end":{"line":16,"column":6}},"locations":[{"start":{"line":14,"column":4},"end":{"line":16,"column":6}}]},"3":{"type":"branch","line":17,"loc":{"start":{"line":17,"column":4},"end":{"line":20,"column":6}},"locations":[{"start":{"line":17,"column":4},"end":{"line":20,"column":6}}]}},"b":{"0":[3],"1":[3],"2":[1],"3":[2]},"fnMap":{"0":{"name":"state","decl":{"start":{"line":4,"column":9},"end":{"line":6,"column":4}},"loc":{"start":{"line":4,"column":9},"end":{"line":6,"column":4}},"line":4},"1":{"name":"getOpen","decl":{"start":{"line":8,"column":13},"end":{"line":8,"column":47}},"loc":{"start":{"line":8,"column":13},"end":{"line":8,"column":47}},"line":8},"2":{"name":"getLogin","decl":{"start":{"line":9,"column":14},"end":{"line":9,"column":44}},"loc":{"start":{"line":9,"column":14},"end":{"line":9,"column":44}},"line":9},"3":{"name":"getRegister","decl":{"start":{"line":10,"column":17},"end":{"line":10,"column":44}},"loc":{"start":{"line":10,"column":17},"end":{"line":10,"column":44}},"line":10},"4":{"name":"toggleOpen","decl":{"start":{"line":14,"column":4},"end":{"line":16,"column":6}},"loc":{"start":{"line":14,"column":4},"end":{"line":16,"column":6}},"line":14},"5":{"name":"toggleLoginRegister","decl":{"start":{"line":17,"column":4},"end":{"line":20,"column":6}},"loc":{"start":{"line":17,"column":4},"end":{"line":20,"column":6}},"line":17}},"f":{"0":3,"1":3,"2":0,"3":0,"4":1,"5":2}}
}
