{"D:\\nuxt\\shop\\stores\\cart.ts": {"path":"D:\\nuxt\\shop\\stores\\cart.ts","all":false,"statementMap":{"0":{"start":{"line":1,"column":0},"end":{"line":1,"column":35}},"1":{"start":{"line":2,"column":0},"end":{"line":2,"column":50}},"2":{"start":{"line":3,"column":0},"end":{"line":3,"column":0}},"3":{"start":{"line":4,"column":0},"end":{"line":4,"column":49}},"4":{"start":{"line":5,"column":0},"end":{"line":5,"column":16}},"5":{"start":{"line":6,"column":0},"end":{"line":6,"column":12}},"6":{"start":{"line":7,"column":0},"end":{"line":7,"column":23}},"7":{"start":{"line":8,"column":0},"end":{"line":8,"column":37}},"8":{"start":{"line":9,"column":0},"end":{"line":9,"column":15}},"9":{"start":{"line":10,"column":0},"end":{"line":10,"column":24}},"10":{"start":{"line":11,"column":0},"end":{"line":11,"column":5}},"11":{"start":{"line":12,"column":0},"end":{"line":12,"column":4}},"12":{"start":{"line":13,"column":0},"end":{"line":13,"column":12}},"13":{"start":{"line":14,"column":0},"end":{"line":14,"column":41}},"14":{"start":{"line":15,"column":0},"end":{"line":15,"column":37}},"15":{"start":{"line":16,"column":0},"end":{"line":16,"column":37}},"16":{"start":{"line":17,"column":0},"end":{"line":17,"column":55}},"17":{"start":{"line":18,"column":0},"end":{"line":18,"column":4}},"18":{"start":{"line":19,"column":0},"end":{"line":19,"column":0}},"19":{"start":{"line":20,"column":0},"end":{"line":20,"column":12}},"20":{"start":{"line":21,"column":0},"end":{"line":21,"column":25}},"21":{"start":{"line":22,"column":0},"end":{"line":22,"column":38}},"22":{"start":{"line":23,"column":0},"end":{"line":23,"column":6}},"23":{"start":{"line":24,"column":0},"end":{"line":24,"column":44}},"24":{"start":{"line":25,"column":0},"end":{"line":25,"column":54}},"25":{"start":{"line":26,"column":0},"end":{"line":26,"column":22}},"26":{"start":{"line":27,"column":0},"end":{"line":27,"column":32}},"27":{"start":{"line":28,"column":0},"end":{"line":28,"column":14}},"28":{"start":{"line":29,"column":0},"end":{"line":29,"column":31}},"29":{"start":{"line":30,"column":0},"end":{"line":30,"column":77}},"30":{"start":{"line":31,"column":0},"end":{"line":31,"column":21}},"31":{"start":{"line":32,"column":0},"end":{"line":32,"column":11}},"32":{"start":{"line":33,"column":0},"end":{"line":33,"column":10}},"33":{"start":{"line":34,"column":0},"end":{"line":34,"column":7}},"34":{"start":{"line":35,"column":0},"end":{"line":35,"column":0}},"35":{"start":{"line":36,"column":0},"end":{"line":36,"column":22}},"36":{"start":{"line":37,"column":0},"end":{"line":37,"column":6}},"37":{"start":{"line":38,"column":0},"end":{"line":38,"column":47}},"38":{"start":{"line":39,"column":0},"end":{"line":39,"column":31}},"39":{"start":{"line":40,"column":0},"end":{"line":40,"column":52}},"40":{"start":{"line":41,"column":0},"end":{"line":41,"column":7}},"41":{"start":{"line":42,"column":0},"end":{"line":42,"column":45}},"42":{"start":{"line":43,"column":0},"end":{"line":43,"column":26}},"43":{"start":{"line":44,"column":0},"end":{"line":44,"column":8}},"44":{"start":{"line":45,"column":0},"end":{"line":45,"column":22}},"45":{"start":{"line":46,"column":0},"end":{"line":46,"column":6}},"46":{"start":{"line":47,"column":0},"end":{"line":47,"column":46}},"47":{"start":{"line":48,"column":0},"end":{"line":48,"column":31}},"48":{"start":{"line":49,"column":0},"end":{"line":49,"column":52}},"49":{"start":{"line":50,"column":0},"end":{"line":50,"column":7}},"50":{"start":{"line":51,"column":0},"end":{"line":51,"column":29}},"51":{"start":{"line":52,"column":0},"end":{"line":52,"column":69}},"52":{"start":{"line":53,"column":0},"end":{"line":53,"column":19}},"53":{"start":{"line":54,"column":0},"end":{"line":54,"column":9}},"54":{"start":{"line":55,"column":0},"end":{"line":55,"column":8}},"55":{"start":{"line":56,"column":0},"end":{"line":56,"column":0}},"56":{"start":{"line":57,"column":0},"end":{"line":57,"column":22}},"57":{"start":{"line":58,"column":0},"end":{"line":58,"column":6}},"58":{"start":{"line":59,"column":0},"end":{"line":59,"column":46}},"59":{"start":{"line":60,"column":0},"end":{"line":60,"column":31}},"60":{"start":{"line":61,"column":0},"end":{"line":61,"column":52}},"61":{"start":{"line":62,"column":0},"end":{"line":62,"column":7}},"62":{"start":{"line":63,"column":0},"end":{"line":63,"column":29}},"63":{"start":{"line":64,"column":0},"end":{"line":64,"column":12}},"64":{"start":{"line":65,"column":0},"end":{"line":65,"column":23}},"65":{"start":{"line":66,"column":0},"end":{"line":66,"column":28}},"66":{"start":{"line":67,"column":0},"end":{"line":67,"column":34}},"67":{"start":{"line":68,"column":0},"end":{"line":68,"column":21}},"68":{"start":{"line":69,"column":0},"end":{"line":69,"column":11}},"69":{"start":{"line":70,"column":0},"end":{"line":70,"column":19}},"70":{"start":{"line":71,"column":0},"end":{"line":71,"column":30}},"71":{"start":{"line":72,"column":0},"end":{"line":72,"column":35}},"72":{"start":{"line":73,"column":0},"end":{"line":73,"column":11}},"73":{"start":{"line":74,"column":0},"end":{"line":74,"column":9}},"74":{"start":{"line":75,"column":0},"end":{"line":75,"column":8}},"75":{"start":{"line":76,"column":0},"end":{"line":76,"column":0}},"76":{"start":{"line":77,"column":0},"end":{"line":77,"column":22}},"77":{"start":{"line":78,"column":0},"end":{"line":78,"column":6}},"78":{"start":{"line":79,"column":0},"end":{"line":79,"column":23}},"79":{"start":{"line":80,"column":0},"end":{"line":80,"column":19}},"80":{"start":{"line":81,"column":0},"end":{"line":81,"column":24}},"81":{"start":{"line":82,"column":0},"end":{"line":82,"column":31}},"82":{"start":{"line":83,"column":0},"end":{"line":83,"column":17}},"83":{"start":{"line":84,"column":0},"end":{"line":84,"column":22}},"84":{"start":{"line":85,"column":0},"end":{"line":85,"column":7}},"85":{"start":{"line":86,"column":0},"end":{"line":86,"column":51}},"86":{"start":{"line":87,"column":0},"end":{"line":87,"column":58}},"87":{"start":{"line":88,"column":0},"end":{"line":88,"column":41}},"88":{"start":{"line":89,"column":0},"end":{"line":89,"column":7}},"89":{"start":{"line":90,"column":0},"end":{"line":90,"column":24}},"90":{"start":{"line":91,"column":0},"end":{"line":91,"column":38}},"91":{"start":{"line":92,"column":0},"end":{"line":92,"column":6}},"92":{"start":{"line":93,"column":0},"end":{"line":93,"column":4}},"93":{"start":{"line":94,"column":0},"end":{"line":94,"column":2}}},"s":{"0":1,"1":1,"2":1,"3":1,"4":1,"5":10,"6":10,"7":10,"8":10,"9":10,"10":10,"11":10,"12":1,"13":1,"14":1,"15":1,"16":1,"17":1,"18":1,"19":1,"20":1,"21":1,"22":1,"23":1,"24":9,"25":8,"26":8,"27":9,"28":1,"29":1,"30":1,"31":1,"32":1,"33":1,"34":9,"35":9,"36":9,"37":1,"38":3,"39":1,"40":1,"41":2,"42":2,"43":2,"44":2,"45":3,"46":1,"47":3,"48":1,"49":1,"50":2,"51":2,"52":2,"53":2,"54":2,"55":2,"56":2,"57":3,"58":1,"59":3,"60":1,"61":1,"62":2,"63":2,"64":2,"65":2,"66":2,"67":2,"68":2,"69":2,"70":2,"71":1,"72":1,"73":2,"74":2,"75":2,"76":2,"77":3,"78":1,"79":15,"80":15,"81":15,"82":3,"83":3,"84":3,"85":15,"86":13,"87":13,"88":13,"89":15,"90":15,"91":15,"92":1,"93":1},"branchMap":{"0":{"type":"branch","line":5,"loc":{"start":{"line":5,"column":9},"end":{"line":12,"column":4}},"locations":[{"start":{"line":5,"column":9},"end":{"line":12,"column":4}}]},"1":{"type":"branch","line":14,"loc":{"start":{"line":14,"column":14},"end":{"line":14,"column":41}},"locations":[{"start":{"line":14,"column":14},"end":{"line":14,"column":41}}]},"2":{"type":"branch","line":16,"loc":{"start":{"line":16,"column":14},"end":{"line":16,"column":37}},"locations":[{"start":{"line":16,"column":14},"end":{"line":16,"column":37}}]},"3":{"type":"branch","line":17,"loc":{"start":{"line":17,"column":23},"end":{"line":17,"column":55}},"locations":[{"start":{"line":17,"column":23},"end":{"line":17,"column":55}}]},"4":{"type":"branch","line":21,"loc":{"start":{"line":21,"column":4},"end":{"line":23,"column":6}},"locations":[{"start":{"line":21,"column":4},"end":{"line":23,"column":6}}]},"5":{"type":"branch","line":24,"loc":{"start":{"line":24,"column":4},"end":{"line":37,"column":6}},"locations":[{"start":{"line":24,"column":4},"end":{"line":37,"column":6}}]},"6":{"type":"branch","line":25,"loc":{"start":{"line":25,"column":53},"end":{"line":28,"column":13}},"locations":[{"start":{"line":25,"column":53},"end":{"line":28,"column":13}}]},"7":{"type":"branch","line":28,"loc":{"start":{"line":28,"column":6},"end":{"line":34,"column":7}},"locations":[{"start":{"line":28,"column":6},"end":{"line":34,"column":7}}]},"8":{"type":"branch","line":25,"loc":{"start":{"line":25,"column":27},"end":{"line":25,"column":50}},"locations":[{"start":{"line":25,"column":27},"end":{"line":25,"column":50}}]},"9":{"type":"branch","line":29,"loc":{"start":{"line":29,"column":23},"end":{"line":33,"column":9}},"locations":[{"start":{"line":29,"column":23},"end":{"line":33,"column":9}}]},"10":{"type":"branch","line":38,"loc":{"start":{"line":38,"column":4},"end":{"line":46,"column":6}},"locations":[{"start":{"line":38,"column":4},"end":{"line":46,"column":6}}]},"11":{"type":"branch","line":39,"loc":{"start":{"line":39,"column":30},"end":{"line":41,"column":7}},"locations":[{"start":{"line":39,"column":30},"end":{"line":41,"column":7}}]},"12":{"type":"branch","line":41,"loc":{"start":{"line":41,"column":6},"end":{"line":45,"column":22}},"locations":[{"start":{"line":41,"column":6},"end":{"line":45,"column":22}}]},"13":{"type":"branch","line":42,"loc":{"start":{"line":42,"column":37},"end":{"line":44,"column":7}},"locations":[{"start":{"line":42,"column":37},"end":{"line":44,"column":7}}]},"14":{"type":"branch","line":47,"loc":{"start":{"line":47,"column":4},"end":{"line":58,"column":6}},"locations":[{"start":{"line":47,"column":4},"end":{"line":58,"column":6}}]},"15":{"type":"branch","line":48,"loc":{"start":{"line":48,"column":30},"end":{"line":50,"column":7}},"locations":[{"start":{"line":48,"column":30},"end":{"line":50,"column":7}}]},"16":{"type":"branch","line":50,"loc":{"start":{"line":50,"column":6},"end":{"line":57,"column":22}},"locations":[{"start":{"line":50,"column":6},"end":{"line":57,"column":22}}]},"17":{"type":"branch","line":51,"loc":{"start":{"line":51,"column":21},"end":{"line":55,"column":7}},"locations":[{"start":{"line":51,"column":21},"end":{"line":55,"column":7}}]},"18":{"type":"branch","line":59,"loc":{"start":{"line":59,"column":4},"end":{"line":78,"column":6}},"locations":[{"start":{"line":59,"column":4},"end":{"line":78,"column":6}}]},"19":{"type":"branch","line":60,"loc":{"start":{"line":60,"column":30},"end":{"line":62,"column":7}},"locations":[{"start":{"line":60,"column":30},"end":{"line":62,"column":7}}]},"20":{"type":"branch","line":62,"loc":{"start":{"line":62,"column":6},"end":{"line":77,"column":22}},"locations":[{"start":{"line":62,"column":6},"end":{"line":77,"column":22}}]},"21":{"type":"branch","line":63,"loc":{"start":{"line":63,"column":21},"end":{"line":75,"column":7}},"locations":[{"start":{"line":63,"column":21},"end":{"line":75,"column":7}}]},"22":{"type":"branch","line":71,"loc":{"start":{"line":71,"column":29},"end":{"line":73,"column":11}},"locations":[{"start":{"line":71,"column":29},"end":{"line":73,"column":11}}]},"23":{"type":"branch","line":79,"loc":{"start":{"line":79,"column":4},"end":{"line":92,"column":6}},"locations":[{"start":{"line":79,"column":4},"end":{"line":92,"column":6}}]},"24":{"type":"branch","line":82,"loc":{"start":{"line":82,"column":30},"end":{"line":85,"column":7}},"locations":[{"start":{"line":82,"column":30},"end":{"line":85,"column":7}}]},"25":{"type":"branch","line":86,"loc":{"start":{"line":86,"column":50},"end":{"line":89,"column":7}},"locations":[{"start":{"line":86,"column":50},"end":{"line":89,"column":7}}]}},"b":{"0":[10],"1":[2],"2":[2],"3":[9],"4":[1],"5":[9],"6":[8],"7":[1],"8":[2],"9":[1],"10":[3],"11":[1],"12":[2],"13":[2],"14":[3],"15":[1],"16":[2],"17":[2],"18":[3],"19":[1],"20":[2],"21":[2],"22":[1],"23":[15],"24":[3],"25":[13]},"fnMap":{"0":{"name":"state","decl":{"start":{"line":5,"column":9},"end":{"line":12,"column":4}},"loc":{"start":{"line":5,"column":9},"end":{"line":12,"column":4}},"line":5},"1":{"name":"getModal","decl":{"start":{"line":14,"column":14},"end":{"line":14,"column":41}},"loc":{"start":{"line":14,"column":14},"end":{"line":14,"column":41}},"line":14},"2":{"name":"getItems","decl":{"start":{"line":15,"column":14},"end":{"line":15,"column":37}},"loc":{"start":{"line":15,"column":14},"end":{"line":15,"column":37}},"line":15},"3":{"name":"gettotal","decl":{"start":{"line":16,"column":14},"end":{"line":16,"column":37}},"loc":{"start":{"line":16,"column":14},"end":{"line":16,"column":37}},"line":16},"4":{"name":"getProductsNumber","decl":{"start":{"line":17,"column":23},"end":{"line":17,"column":55}},"loc":{"start":{"line":17,"column":23},"end":{"line":17,"column":55}},"line":17},"5":{"name":"toggleModal","decl":{"start":{"line":21,"column":4},"end":{"line":23,"column":6}},"loc":{"start":{"line":21,"column":4},"end":{"line":23,"column":6}},"line":21},"6":{"name":"addToCart","decl":{"start":{"line":24,"column":4},"end":{"line":37,"column":6}},"loc":{"start":{"line":24,"column":4},"end":{"line":37,"column":6}},"line":24},"7":{"name":"deleteFromCart","decl":{"start":{"line":38,"column":4},"end":{"line":46,"column":6}},"loc":{"start":{"line":38,"column":4},"end":{"line":46,"column":6}},"line":38},"8":{"name":"increaseCount","decl":{"start":{"line":47,"column":4},"end":{"line":58,"column":6}},"loc":{"start":{"line":47,"column":4},"end":{"line":58,"column":6}},"line":47},"9":{"name":"decreaseCount","decl":{"start":{"line":59,"column":4},"end":{"line":78,"column":6}},"loc":{"start":{"line":59,"column":4},"end":{"line":78,"column":6}},"line":59},"10":{"name":"countCart","decl":{"start":{"line":79,"column":4},"end":{"line":92,"column":6}},"loc":{"start":{"line":79,"column":4},"end":{"line":92,"column":6}},"line":79}},"f":{"0":10,"1":2,"2":0,"3":2,"4":9,"5":1,"6":9,"7":3,"8":3,"9":3,"10":15}}
,"D:\\nuxt\\shop\\utils\\numbers.ts": {"path":"D:\\nuxt\\shop\\utils\\numbers.ts","all":false,"statementMap":{"0":{"start":{"line":1,"column":0},"end":{"line":1,"column":54}},"1":{"start":{"line":2,"column":0},"end":{"line":2,"column":53}},"2":{"start":{"line":3,"column":0},"end":{"line":3,"column":0}},"3":{"start":{"line":4,"column":0},"end":{"line":4,"column":25}},"4":{"start":{"line":5,"column":0},"end":{"line":5,"column":53}},"5":{"start":{"line":6,"column":0},"end":{"line":6,"column":0}},"6":{"start":{"line":7,"column":0},"end":{"line":7,"column":35}},"7":{"start":{"line":8,"column":0},"end":{"line":8,"column":62}},"8":{"start":{"line":9,"column":0},"end":{"line":9,"column":43}},"9":{"start":{"line":10,"column":0},"end":{"line":10,"column":6}},"10":{"start":{"line":11,"column":0},"end":{"line":11,"column":62}},"11":{"start":{"line":12,"column":0},"end":{"line":12,"column":43}},"12":{"start":{"line":13,"column":0},"end":{"line":13,"column":6}},"13":{"start":{"line":14,"column":0},"end":{"line":14,"column":65}},"14":{"start":{"line":15,"column":0},"end":{"line":15,"column":43}},"15":{"start":{"line":16,"column":0},"end":{"line":16,"column":6}},"16":{"start":{"line":17,"column":0},"end":{"line":17,"column":4}},"17":{"start":{"line":18,"column":0},"end":{"line":18,"column":1}}},"s":{"0":1,"1":1,"2":1,"3":1,"4":0,"5":0,"6":0,"7":0,"8":0,"9":0,"10":0,"11":0,"12":0,"13":0,"14":0,"15":0,"16":0,"17":0},"branchMap":{"0":{"type":"branch","line":4,"loc":{"start":{"line":4,"column":24},"end":{"line":18,"column":1}},"locations":[{"start":{"line":4,"column":24},"end":{"line":18,"column":1}}]},"1":{"type":"branch","line":1,"loc":{"start":{"line":1,"column":27},"end":{"line":2,"column":53}},"locations":[{"start":{"line":1,"column":27},"end":{"line":2,"column":53}}]}},"b":{"0":[0],"1":[1]},"fnMap":{"0":{"name":"roundNumber","decl":{"start":{"line":1,"column":27},"end":{"line":2,"column":53}},"loc":{"start":{"line":1,"column":27},"end":{"line":2,"column":53}},"line":1}},"f":{"0":1}}
}
